<?xml version="1.0" encoding="UTF-8"?>
<testsuite xmlns:xsi="http://www.w3.org/2001/XMLSchema-instance" xsi:noNamespaceSchemaLocation="https://maven.apache.org/surefire/maven-surefire-plugin/xsd/surefire-test-report-3.0.xsd" version="3.0" name="com.phegondev.PhegonHotel.PhegonHotelApplicationTests" time="2.983" tests="1" errors="0" skipped="0" failures="0">
  <properties>
[...]
</properties>
  <testcase name="contextLoads" classname="com.phegondev.PhegonHotel.PhegonHotelApplicationTests" time="0.24">
    <system-out><![CDATA[02:33:45.044 [main] INFO org.springframework.test.context.support.AnnotationConfigContextLoaderUtils -- Could not detect default configuration classes for test class [com.phegondev.PhegonHotel.PhegonHotelApplicationTests]: PhegonHotelApplicationTests does not declare any static, non-private, non-final, nested classes annotated with @Configuration.
02:33:45.101 [main] INFO org.springframework.boot.test.context.SpringBootTestContextBootstrapper -- Found @SpringBootConfiguration com.phegondev.PhegonHotel.PhegonHotelApplication for test class com.phegondev.PhegonHotel.PhegonHotelApplicationTests
  .   ____          _            __ _ _
 /\\ / ___'_ __ _ _(_)_ __  __ _ \ \ \ \
( ( )\___ | '_ | '_| | '_ \/ _` | \ \ \ \
 \\/  ___)| |_)| | | | | || (_| |  ) ) ) )
  '  |____| .__|_| |_|_| |_\__, | / / / /
 =========|_|==============|___/=/_/_/_/

 :: Spring Boot ::                (v3.3.0)

2025-09-15T02:33:45.280+05:30  INFO 33486 --- [PhegonHotel] [           main] c.p.P.PhegonHotelApplicationTests        : Starting PhegonHotelApplicationTests using Java 24.0.1 with PID 33486 (started by hemanth in /Users/hemanth/Documents/SitaraHotel/backend)
2025-09-15T02:33:45.280+05:30  INFO 33486 --- [PhegonHotel] [           main] c.p.P.PhegonHotelApplicationTests        : No active profile set, falling back to 1 default profile: "default"
2025-09-15T02:33:45.603+05:30  INFO 33486 --- [PhegonHotel] [           main] .s.d.r.c.RepositoryConfigurationDelegate : Bootstrapping Spring Data JPA repositories in DEFAULT mode.
2025-09-15T02:33:45.632+05:30  INFO 33486 --- [PhegonHotel] [           main] .s.d.r.c.RepositoryConfigurationDelegate : Finished Spring Data repository scanning in 25 ms. Found 3 JPA repository interfaces.
2025-09-15T02:33:45.885+05:30  INFO 33486 --- [PhegonHotel] [           main] o.hibernate.jpa.internal.util.LogHelper  : HHH000204: Processing PersistenceUnitInfo [name: default]
2025-09-15T02:33:45.913+05:30  INFO 33486 --- [PhegonHotel] [           main] org.hibernate.Version                    : HHH000412: Hibernate ORM core version 6.5.2.Final
2025-09-15T02:33:45.929+05:30  INFO 33486 --- [PhegonHotel] [           main] o.h.c.internal.RegionFactoryInitiator    : HHH000026: Second-level cache disabled
2025-09-15T02:33:46.084+05:30  INFO 33486 --- [PhegonHotel] [           main] o.s.o.j.p.SpringPersistenceUnitInfo      : No LoadTimeWeaver setup: ignoring JPA class transformer
2025-09-15T02:33:46.097+05:30  INFO 33486 --- [PhegonHotel] [           main] com.zaxxer.hikari.HikariDataSource       : HikariPool-1 - Starting...
2025-09-15T02:33:46.285+05:30  INFO 33486 --- [PhegonHotel] [           main] com.zaxxer.hikari.pool.HikariPool        : HikariPool-1 - Added connection com.mysql.cj.jdbc.ConnectionImpl@1c90029b
2025-09-15T02:33:46.286+05:30  INFO 33486 --- [PhegonHotel] [           main] com.zaxxer.hikari.HikariDataSource       : HikariPool-1 - Start completed.
2025-09-15T02:33:46.313+05:30  WARN 33486 --- [PhegonHotel] [           main] org.hibernate.orm.deprecation            : HHH90000025: MySQLDialect does not need to be specified explicitly using 'hibernate.dialect' (remove the property setting and it will be selected by default)
2025-09-15T02:33:46.781+05:30  INFO 33486 --- [PhegonHotel] [           main] o.h.e.t.j.p.i.JtaPlatformInitiator       : HHH000489: No JTA platform available (set 'hibernate.transaction.jta.platform' to enable JTA platform integration)
2025-09-15T02:33:46.829+05:30  INFO 33486 --- [PhegonHotel] [           main] j.LocalContainerEntityManagerFactoryBean : Initialized JPA EntityManagerFactory for persistence unit 'default'
2025-09-15T02:33:47.015+05:30  INFO 33486 --- [PhegonHotel] [           main] eAuthenticationProviderManagerConfigurer : Global AuthenticationManager configured with AuthenticationProvider bean with name authenticationProvider
2025-09-15T02:33:47.015+05:30  WARN 33486 --- [PhegonHotel] [           main] r$InitializeUserDetailsManagerConfigurer : Global AuthenticationManager configured with an AuthenticationProvider bean. UserDetailsService beans will not be used for username/password login. Consider removing the AuthenticationProvider bean. Alternatively, consider using the UserDetailsService in a manually instantiated DaoAuthenticationProvider.
2025-09-15T02:33:47.035+05:30  INFO 33486 --- [PhegonHotel] [           main] o.s.d.j.r.query.QueryEnhancerFactory     : Hibernate is in classpath; If applicable, HQL parser will be used.
2025-09-15T02:33:47.364+05:30  WARN 33486 --- [PhegonHotel] [           main] JpaBaseConfiguration$JpaWebConfiguration : spring.jpa.open-in-view is enabled by default. Therefore, database queries may be performed during view rendering. Explicitly configure spring.jpa.open-in-view to disable this warning
2025-09-15T02:33:47.530+05:30  INFO 33486 --- [PhegonHotel] [           main] o.s.s.web.DefaultSecurityFilterChain     : Will secure any request with [org.springframework.security.web.session.DisableEncodeUrlFilter@2a080ba3, org.springframework.security.web.context.request.async.WebAsyncManagerIntegrationFilter@5ea4abef, org.springframework.security.web.context.SecurityContextHolderFilter@463a0302, org.springframework.security.web.header.HeaderWriterFilter@7a0ebc03, org.springframework.web.filter.CorsFilter@3a4ddaed, org.springframework.security.web.authentication.logout.LogoutFilter@3569f0f1, com.phegondev.PhegonHotel.security.JWTAuthFilter@6c056020, org.springframework.security.web.savedrequest.RequestCacheAwareFilter@79228440, org.springframework.security.web.servletapi.SecurityContextHolderAwareRequestFilter@c3fd72, org.springframework.security.web.authentication.AnonymousAuthenticationFilter@993bc47, org.springframework.security.web.session.SessionManagementFilter@4ca3e806, org.springframework.security.web.access.ExceptionTranslationFilter@59464f08, org.springframework.security.web.access.intercept.AuthorizationFilter@4b37ede0]
2025-09-15T02:33:47.709+05:30  INFO 33486 --- [PhegonHotel] [           main] c.p.P.PhegonHotelApplicationTests        : Started PhegonHotelApplicationTests in 2.533 seconds (process running for 2.978)
]]></system-out>
    <system-err><![CDATA[WARNING: A Java agent has been loaded dynamically (/Users/hemanth/.m2/repository/net/bytebuddy/byte-buddy-agent/1.14.16/byte-buddy-agent-1.14.16.jar)
WARNING: If a serviceability tool is in use, please run with -XX:+EnableDynamicAgentLoading to hide this warning
WARNING: If a serviceability tool is not in use, please run with -Djdk.instrument.traceUsage for more information
WARNING: Dynamic loading of agents will be disallowed by default in a future release
]]></system-err>
  </testcase>
</testsuite>